Initialized native services in: /Users/kimsunghyun/.gradle/native
Initialized jansi services in: /Users/kimsunghyun/.gradle/native
Found daemon DaemonInfo{pid=5906, address=[88397e44-0c3c-4a1e-b17b-6b289332c52c port:60545, addresses:[/127.0.0.1]], state=Idle, lastBusy=1768274325476, context=DefaultDaemonContext[uid=b4e2af36-7779-4736-8e84-f1eed020e318,javaHome=/Users/kimsunghyun/Downloads/jdk-17.0.2.jdk/Contents/Home,javaVersion=17,javaVendor=Oracle Corporation,daemonRegistryDir=/Users/kimsunghyun/.gradle/daemon,pid=5906,idleTimeout=10800000,priority=NORMAL,applyInstrumentationAgent=true,nativeServicesMode=ENABLED,daemonOpts=-XX:MaxMetaspaceSize=384m,-XX:+HeapDumpOnOutOfMemoryError,-Xms256m,-Xmx512m,-Dfile.encoding=UTF-8,-Duser.country,-Duser.language=en,-Duser.variant]} however its context does not match the desired criteria.
At least one daemon option is different.
Wanted: DaemonRequestContext{jvmCriteria=/Users/kimsunghyun/Downloads/jdk-17.0.2.jdk/Contents/Home (no JDK specified, using current Java home), daemonOpts=[-XX:MaxMetaspaceSize=384m, -XX:+HeapDumpOnOutOfMemoryError, -Xms256m, -Xmx512m, -Dfile.encoding=UTF-8, -Duser.country=KR, -Duser.language=ko, -Duser.variant], applyInstrumentationAgent=true, nativeServicesMode=ENABLED, priority=NORMAL}
Actual: DefaultDaemonContext[uid=b4e2af36-7779-4736-8e84-f1eed020e318,javaHome=/Users/kimsunghyun/Downloads/jdk-17.0.2.jdk/Contents/Home,javaVersion=17,javaVendor=Oracle Corporation,daemonRegistryDir=/Users/kimsunghyun/.gradle/daemon,pid=5906,idleTimeout=10800000,priority=NORMAL,applyInstrumentationAgent=true,nativeServicesMode=ENABLED,daemonOpts=-XX:MaxMetaspaceSize=384m,-XX:+HeapDumpOnOutOfMemoryError,-Xms256m,-Xmx512m,-Dfile.encoding=UTF-8,-Duser.country,-Duser.language=en,-Duser.variant]

  Looking for a different daemon...
Found daemon DaemonInfo{pid=37534, address=[f9a897b0-c630-49ee-a978-cadde10bc48d port:64014, addresses:[/127.0.0.1]], state=Idle, lastBusy=1768274317913, context=DefaultDaemonContext[uid=9931e216-0e64-47f5-b2a5-8e8528b92f6e,javaHome=/Users/kimsunghyun/.vscode/extensions/redhat.java-1.51.0-darwin-arm64/jre/21.0.9-macosx-aarch64,javaVersion=21,javaVendor=Eclipse Adoptium,daemonRegistryDir=/Users/kimsunghyun/.gradle/daemon,pid=37534,idleTimeout=10800000,priority=NORMAL,applyInstrumentationAgent=true,nativeServicesMode=ENABLED,daemonOpts=-XX:MaxMetaspaceSize=384m,-XX:+HeapDumpOnOutOfMemoryError,-Xms256m,-Xmx512m,-Dfile.encoding=UTF-8,-Duser.country=KR,-Duser.language=ko,-Duser.variant]} however its context does not match the desired criteria.
JVM is incompatible.
Wanted: DaemonRequestContext{jvmCriteria=/Users/kimsunghyun/Downloads/jdk-17.0.2.jdk/Contents/Home (no JDK specified, using current Java home), daemonOpts=[-XX:MaxMetaspaceSize=384m, -XX:+HeapDumpOnOutOfMemoryError, -Xms256m, -Xmx512m, -Dfile.encoding=UTF-8, -Duser.country=KR, -Duser.language=ko, -Duser.variant], applyInstrumentationAgent=true, nativeServicesMode=ENABLED, priority=NORMAL}
Actual: DefaultDaemonContext[uid=9931e216-0e64-47f5-b2a5-8e8528b92f6e,javaHome=/Users/kimsunghyun/.vscode/extensions/redhat.java-1.51.0-darwin-arm64/jre/21.0.9-macosx-aarch64,javaVersion=21,javaVendor=Eclipse Adoptium,daemonRegistryDir=/Users/kimsunghyun/.gradle/daemon,pid=37534,idleTimeout=10800000,priority=NORMAL,applyInstrumentationAgent=true,nativeServicesMode=ENABLED,daemonOpts=-XX:MaxMetaspaceSize=384m,-XX:+HeapDumpOnOutOfMemoryError,-Xms256m,-Xmx512m,-Dfile.encoding=UTF-8,-Duser.country=KR,-Duser.language=ko,-Duser.variant]

  Looking for a different daemon...
The client will now receive all logging from the daemon (pid: 48175). The daemon log file: /Users/kimsunghyun/.gradle/daemon/9.2.1/daemon-48175.out.log
Starting 16th build in daemon [uptime: 3 hrs 34 mins 33.011 secs, performance: 100%, GC rate: 0.00/s, heap usage: 0% of 512 MiB, non-heap usage: 19% of 384 MiB]
Using 10 worker leases.
Operational build model parameters: {requiresToolingModels=false, parallelProjectExecution=false, configureOnDemand=false, configurationCache=false, configurationCacheParallelStore=false, configurationCacheParallelLoad=true, isolatedProjects=false, parallelProjectConfiguration=false, intermediateModelCache=false, parallelToolingApiActions=false, invalidateCoupledProjects=false, modelAsProjectDependency=false, resilientModelBuilding=false}
Now considering [/Users/kimsunghyun/Desktop/스무고객프로젝트/gaekdam-be-1] as hierarchies to watch
Watching the file system is configured to be enabled if available
File system watching is active
Starting Build
Settings evaluated using settings file '/Users/kimsunghyun/Desktop/스무고객프로젝트/gaekdam-be-1/settings.gradle'.
Projects loaded. Root project using build file '/Users/kimsunghyun/Desktop/스무고객프로젝트/gaekdam-be-1/build.gradle'.
Included projects: [root project 'gaekdam-be']

> Configure project :
Evaluating root project 'gaekdam-be' using build file '/Users/kimsunghyun/Desktop/스무고객프로젝트/gaekdam-be-1/build.gradle'.
Resolved plugin [id: 'java']
Resolved plugin [id: 'org.springframework.boot', version: '4.0.1']
Resolved plugin [id: 'io.spring.dependency-management', version: '1.1.7']
Applying dependency management to configuration 'annotationProcessor' in project 'gaekdam-be'
Applying dependency management to configuration 'apiElements' in project 'gaekdam-be'
Applying dependency management to configuration 'archives' in project 'gaekdam-be'
Applying dependency management to configuration 'bootArchives' in project 'gaekdam-be'
Applying dependency management to configuration 'compileClasspath' in project 'gaekdam-be'
Applying dependency management to configuration 'compileOnly' in project 'gaekdam-be'
Applying dependency management to configuration 'default' in project 'gaekdam-be'
Applying dependency management to configuration 'developmentOnly' in project 'gaekdam-be'
Applying dependency management to configuration 'implementation' in project 'gaekdam-be'
Applying dependency management to configuration 'mainSourceElements' in project 'gaekdam-be'
Applying dependency management to configuration 'productionRuntimeClasspath' in project 'gaekdam-be'
Applying dependency management to configuration 'runtimeClasspath' in project 'gaekdam-be'
Applying dependency management to configuration 'runtimeElements' in project 'gaekdam-be'
Applying dependency management to configuration 'runtimeOnly' in project 'gaekdam-be'
Applying dependency management to configuration 'testAndDevelopmentOnly' in project 'gaekdam-be'
Applying dependency management to configuration 'testAnnotationProcessor' in project 'gaekdam-be'
Applying dependency management to configuration 'testCompileClasspath' in project 'gaekdam-be'
Applying dependency management to configuration 'testCompileOnly' in project 'gaekdam-be'
Applying dependency management to configuration 'testImplementation' in project 'gaekdam-be'
Applying dependency management to configuration 'testResultsElementsForTest' in project 'gaekdam-be'
Applying dependency management to configuration 'testRuntimeClasspath' in project 'gaekdam-be'
Applying dependency management to configuration 'testRuntimeOnly' in project 'gaekdam-be'
All projects evaluated.
Task name matched 'test'
Selected primary task 'test' from project :
Starting process 'command '/usr/libexec/java_home''. Working directory: /Users/kimsunghyun/.gradle/daemon/9.2.1 Command: /usr/libexec/java_home -V
Successfully started process 'command '/usr/libexec/java_home''
Resolving global dependency management for project 'gaekdam-be'
Excluding []
Excluding []
Excluding []
Excluding []
Excluding []
Excluding []
Tasks to be executed: [task ':compileJava', task ':processResources', task ':classes', task ':compileTestJava', task ':processTestResources', task ':testClasses', task ':test']
Tasks that were excluded: []
Resolve mutations for :compileJava (Thread[Execution worker,5,main]) started.
:compileJava (Thread[Execution worker,5,main]) started.
This JVM does not support getting OS memory, so no OS memory status updates will be broadcast
Not watching anything anymore

> Task :compileJava
Custom actions are attached to task ':compileJava'.
Caching disabled for task ':compileJava' because:
  Build cache is disabled
Task ':compileJava' is not up-to-date because:
  Executed with '--rerun-tasks'.
The input changes require a full rebuild for incremental task ':compileJava'.
Compilation mode: default, forking compiler
Full recompilation is required because no incremental change information is available. This is usually caused by clean builds or changing compiler arguments.
Compiling with toolchain '/Users/kimsunghyun/Library/Java/JavaVirtualMachines/temurin-21.0.8/Contents/Home'.
Invalidating in-memory cache of /Users/kimsunghyun/.gradle/caches/9.2.1/fileContent/java-modules.bin
Invalidating in-memory cache of /Users/kimsunghyun/.gradle/caches/9.2.1/fileContent/annotation-processors.bin
Log level has changed, stopping idle worker daemon with out-of-date log level.
Starting process 'Gradle Worker Daemon 13'. Working directory: /Users/kimsunghyun/.gradle/workers Command: /Users/kimsunghyun/Library/Java/JavaVirtualMachines/temurin-21.0.8/Contents/Home/bin/java --add-exports=jdk.compiler/com.sun.tools.javac.api=ALL-UNNAMED --add-exports=jdk.compiler/com.sun.tools.javac.util=ALL-UNNAMED @/Users/kimsunghyun/.gradle/.tmp/gradle-worker-classpath11027785898074518066txt -Xmx512m -Dfile.encoding=UTF-8 -Duser.country=KR -Duser.language=ko -Duser.variant worker.org.gradle.process.internal.worker.GradleWorkerMain 'Gradle Worker Daemon 13'
Successfully started process 'Gradle Worker Daemon 13'
Started Gradle worker daemon (0.21 secs) with fork options DaemonForkOptions{executable=/Users/kimsunghyun/Library/Java/JavaVirtualMachines/temurin-21.0.8/Contents/Home/bin/java, minHeapSize=null, maxHeapSize=null, jvmArgs=[--add-exports=jdk.compiler/com.sun.tools.javac.api=ALL-UNNAMED, --add-exports=jdk.compiler/com.sun.tools.javac.util=ALL-UNNAMED], keepAliveMode=DAEMON}.
Compiling with JDK Java compiler API.
Note: /Users/kimsunghyun/Desktop/스무고객프로젝트/gaekdam-be-1/src/main/java/com/gaekdam/gaekdambe/global/config/jwt/JwtTokenProvider.java uses or overrides a deprecated API.
Note: Recompile with -Xlint:deprecation for details.
Class dependency analysis for incremental compilation took 0.06 secs.
Created classpath snapshot for incremental compilation in 0.05 secs.
Resolve mutations for :processResources (Thread[Execution worker,5,main]) started.
:processResources (Thread[Execution worker,5,main]) started.

> Task :processResources
Caching disabled for task ':processResources' because:
  Build cache is disabled
  Not worth caching
Task ':processResources' is not up-to-date because:
  Executed with '--rerun-tasks'.
Resolve mutations for :classes (Thread[Execution worker,5,main]) started.
:classes (Thread[Execution worker,5,main]) started.

> Task :classes
Skipping task ':classes' as it has no actions.
Resolve mutations for :compileTestJava (Thread[Execution worker,5,main]) started.
:compileTestJava (Thread[Execution worker,5,main]) started.

> Task :compileTestJava
Custom actions are attached to task ':compileTestJava'.
Caching disabled for task ':compileTestJava' because:
  Build cache is disabled
Task ':compileTestJava' is not up-to-date because:
  Executed with '--rerun-tasks'.
The input changes require a full rebuild for incremental task ':compileTestJava'.
Compilation mode: default, forking compiler
Full recompilation is required because no incremental change information is available. This is usually caused by clean builds or changing compiler arguments.
Compiling with toolchain '/Users/kimsunghyun/Library/Java/JavaVirtualMachines/temurin-21.0.8/Contents/Home'.
Compiling with JDK Java compiler API.
Class dependency analysis for incremental compilation took 0.005 secs.
Created classpath snapshot for incremental compilation in 0.025 secs.
Resolve mutations for :processTestResources (Thread[Execution worker,5,main]) started.
:processTestResources (Thread[Execution worker,5,main]) started.

> Task :processTestResources NO-SOURCE
Skipping task ':processTestResources' as it has no source files and no previous output files.
Resolve mutations for :testClasses (Thread[Execution worker,5,main]) started.
:testClasses (Thread[Execution worker,5,main]) started.

> Task :testClasses
Skipping task ':testClasses' as it has no actions.
Resolve mutations for :test (Thread[Execution worker Thread 6,5,main]) started.
:test (Thread[Execution worker Thread 6,5,main]) started.
Gradle Test Executor 14 started executing tests.
Not watching anything anymore

> Task :test
Caching disabled for task ':test' because:
  Build cache is disabled
Task ':test' is not up-to-date because:
  Executed with '--rerun-tasks'.
Starting process 'Gradle Test Executor 14'. Working directory: /Users/kimsunghyun/Desktop/스무고객프로젝트/gaekdam-be-1 Command: /Users/kimsunghyun/Library/Java/JavaVirtualMachines/temurin-21.0.8/Contents/Home/bin/java -Dorg.gradle.internal.worker.tmpdir=/Users/kimsunghyun/Desktop/스무고객프로젝트/gaekdam-be-1/build/tmp/test/work @/Users/kimsunghyun/.gradle/.tmp/gradle-worker-classpath6600401285282716589txt -Xmx512m -Dfile.encoding=UTF-8 -Duser.country=KR -Duser.language=ko -Duser.variant -ea worker.org.gradle.process.internal.worker.GradleWorkerMain 'Gradle Test Executor 14'
Successfully started process 'Gradle Test Executor 14'

DummyDataRunnerTest STANDARD_OUT
    14:25:32.813 [Test worker] INFO org.springframework.test.context.support.AnnotationConfigContextLoaderUtils -- Could not detect default configuration classes for test class [com.gaekdam.gaekdambe.dummy.DummyDataRunnerTest]: DummyDataRunnerTest does not declare any static, non-private, non-final, nested classes annotated with @Configuration.
    14:25:32.872 [Test worker] INFO org.springframework.boot.test.context.SpringBootTestContextBootstrapper -- Found @SpringBootConfiguration com.gaekdam.gaekdambe.GaekdamBeApplication for test class com.gaekdam.gaekdambe.dummy.DummyDataRunnerTest

      .   ____          _            __ _ _
     /\\ / ___'_ __ _ _(_)_ __  __ _ \ \ \ \
    ( ( )\___ | '_ | '_| | '_ \/ _` | \ \ \ \
     \\/  ___)| |_)| | | | | || (_| |  ) ) ) )
      '  |____| .__|_| |_|_| |_\__, | / / / /
     =========|_|==============|___/=/_/_/_/

     :: Spring Boot ::                (v4.0.1)

    2026-01-13T14:25:33.057+09:00  INFO 85409 --- [    Test worker] c.g.gaekdambe.dummy.DummyDataRunnerTest  : Starting DummyDataRunnerTest using Java 21.0.8 with PID 85409 (started by kimsunghyun in /Users/kimsunghyun/Desktop/스무고객프로젝트/gaekdam-be-1)
    2026-01-13T14:25:33.057+09:00  INFO 85409 --- [    Test worker] c.g.gaekdambe.dummy.DummyDataRunnerTest  : No active profile set, falling back to 1 default profile: "default"
    2026-01-13T14:25:33.389+09:00  INFO 85409 --- [    Test worker] .s.d.r.c.RepositoryConfigurationDelegate : Multiple Spring Data modules found, entering strict repository configuration mode
    2026-01-13T14:25:33.390+09:00  INFO 85409 --- [    Test worker] .s.d.r.c.RepositoryConfigurationDelegate : Bootstrapping Spring Data JPA repositories in DEFAULT mode.
    2026-01-13T14:25:33.490+09:00  INFO 85409 --- [    Test worker] .s.d.r.c.RepositoryConfigurationDelegate : Finished Spring Data repository scanning in 95 ms. Found 28 JPA repository interfaces.
    2026-01-13T14:25:33.510+09:00  INFO 85409 --- [    Test worker] .s.d.r.c.RepositoryConfigurationDelegate : Multiple Spring Data modules found, entering strict repository configuration mode
    2026-01-13T14:25:33.510+09:00  INFO 85409 --- [    Test worker] .s.d.r.c.RepositoryConfigurationDelegate : Bootstrapping Spring Data Redis repositories in DEFAULT mode.
    2026-01-13T14:25:33.526+09:00  INFO 85409 --- [    Test worker] .RepositoryConfigurationExtensionSupport : Spring Data Redis - Could not safely identify store assignment for repository candidate interface com.gaekdam.gaekdambe.customer_service.customer.command.infrastructure.repository.CustomerContactRepository; If you want this repository to be a Redis repository, consider annotating your entities with one of these annotations: org.springframework.data.redis.core.RedisHash (preferred), or consider extending one of the following types with your repository: org.springframework.data.keyvalue.repository.KeyValueRepository
    2026-01-13T14:25:33.526+09:00  INFO 85409 --- [    Test worker] .RepositoryConfigurationExtensionSupport : Spring Data Redis - Could not safely identify store assignment for repository candidate interface com.gaekdam.gaekdambe.customer_service.customer.command.infrastructure.repository.CustomerMemoRepository; If you want this repository to be a Redis repository, consider annotating your entities with one of these annotations: org.springframework.data.redis.core.RedisHash (preferred), or consider extending one of the following types with your repository: org.springframework.data.keyvalue.repository.KeyValueRepository
    2026-01-13T14:25:33.526+09:00  INFO 85409 --- [    Test worker] .RepositoryConfigurationExtensionSupport : Spring Data Redis - Could not safely identify store assignment for repository candidate interface com.gaekdam.gaekdambe.customer_service.customer.command.infrastructure.repository.CustomerRepository; If you want this repository to be a Redis repository, consider annotating your entities with one of these annotations: org.springframework.data.redis.core.RedisHash (preferred), or consider extending one of the following types with your repository: org.springframework.data.keyvalue.repository.KeyValueRepository
    2026-01-13T14:25:33.526+09:00  INFO 85409 --- [    Test worker] .RepositoryConfigurationExtensionSupport : Spring Data Redis - Could not safely identify store assignment for repository candidate interface com.gaekdam.gaekdambe.customer_service.customer.command.infrastructure.repository.CustomerStatusHistoryRepository; If you want this repository to be a Redis repository, consider annotating your entities with one of these annotations: org.springframework.data.redis.core.RedisHash (preferred), or consider extending one of the following types with your repository: org.springframework.data.keyvalue.repository.KeyValueRepository
    2026-01-13T14:25:33.526+09:00  INFO 85409 --- [    Test worker] .RepositoryConfigurationExtensionSupport : Spring Data Redis - Could not safely identify store assignment for repository candidate interface com.gaekdam.gaekdambe.customer_service.customer.command.infrastructure.repository.MemberRepository; If you want this repository to be a Redis repository, consider annotating your entities with one of these annotations: org.springframework.data.redis.core.RedisHash (preferred), or consider extending one of the following types with your repository: org.springframework.data.keyvalue.repository.KeyValueRepository
    2026-01-13T14:25:33.527+09:00  INFO 85409 --- [    Test worker] .RepositoryConfigurationExtensionSupport : Spring Data Redis - Could not safely identify store assignment for repository candidate interface com.gaekdam.gaekdambe.customer_service.loyalty.command.infrastructure.repository.LoyaltyGradeRepository; If you want this repository to be a Redis repository, consider annotating your entities with one of these annotations: org.springframework.data.redis.core.RedisHash (preferred), or consider extending one of the following types with your repository: org.springframework.data.keyvalue.repository.KeyValueRepository
    2026-01-13T14:25:33.527+09:00  INFO 85409 --- [    Test worker] .RepositoryConfigurationExtensionSupport : Spring Data Redis - Could not safely identify store assignment for repository candidate interface com.gaekdam.gaekdambe.customer_service.loyalty.command.infrastructure.repository.LoyaltyHistoryRepository; If you want this repository to be a Redis repository, consider annotating your entities with one of these annotations: org.springframework.data.redis.core.RedisHash (preferred), or consider extending one of the following types with your repository: org.springframework.data.keyvalue.repository.KeyValueRepository
    2026-01-13T14:25:33.527+09:00  INFO 85409 --- [    Test worker] .RepositoryConfigurationExtensionSupport : Spring Data Redis - Could not safely identify store assignment for repository candidate interface com.gaekdam.gaekdambe.customer_service.loyalty.command.infrastructure.repository.LoyaltyRepository; If you want this repository to be a Redis repository, consider annotating your entities with one of these annotations: org.springframework.data.redis.core.RedisHash (preferred), or consider extending one of the following types with your repository: org.springframework.data.keyvalue.repository.KeyValueRepository
    2026-01-13T14:25:33.527+09:00  INFO 85409 --- [    Test worker] .RepositoryConfigurationExtensionSupport : Spring Data Redis - Could not safely identify store assignment for repository candidate interface com.gaekdam.gaekdambe.customer_service.membership.command.infrastructure.repository.MembershipGradeRepository; If you want this repository to be a Redis repository, consider annotating your entities with one of these annotations: org.springframework.data.redis.core.RedisHash (preferred), or consider extending one of the following types with your repository: org.springframework.data.keyvalue.repository.KeyValueRepository
    2026-01-13T14:25:33.527+09:00  INFO 85409 --- [    Test worker] .RepositoryConfigurationExtensionSupport : Spring Data Redis - Could not safely identify store assignment for repository candidate interface com.gaekdam.gaekdambe.customer_service.membership.command.infrastructure.repository.MembershipHistoryRepository; If you want this repository to be a Redis repository, consider annotating your entities with one of these annotations: org.springframework.data.redis.core.RedisHash (preferred), or consider extending one of the following types with your repository: org.springframework.data.keyvalue.repository.KeyValueRepository
    2026-01-13T14:25:33.527+09:00  INFO 85409 --- [    Test worker] .RepositoryConfigurationExtensionSupport : Spring Data Redis - Could not safely identify store assignment for repository candidate interface com.gaekdam.gaekdambe.customer_service.membership.command.infrastructure.repository.MembershipRepository; If you want this repository to be a Redis repository, consider annotating your entities with one of these annotations: org.springframework.data.redis.core.RedisHash (preferred), or consider extending one of the following types with your repository: org.springframework.data.keyvalue.repository.KeyValueRepository
    2026-01-13T14:25:33.527+09:00  INFO 85409 --- [    Test worker] .RepositoryConfigurationExtensionSupport : Spring Data Redis - Could not safely identify store assignment for repository candidate interface com.gaekdam.gaekdambe.hotel_service.department.command.infrastructure.DepartmentRepository; If you want this repository to be a Redis repository, consider annotating your entities with one of these annotations: org.springframework.data.redis.core.RedisHash (preferred), or consider extending one of the following types with your repository: org.springframework.data.keyvalue.repository.KeyValueRepository
    2026-01-13T14:25:33.527+09:00  INFO 85409 --- [    Test worker] .RepositoryConfigurationExtensionSupport : Spring Data Redis - Could not safely identify store assignment for repository candidate interface com.gaekdam.gaekdambe.hotel_service.hotel.command.infrastructure.repository.HotelGroupRepository; If you want this repository to be a Redis repository, consider annotating your entities with one of these annotations: org.springframework.data.redis.core.RedisHash (preferred), or consider extending one of the following types with your repository: org.springframework.data.keyvalue.repository.KeyValueRepository
    2026-01-13T14:25:33.527+09:00  INFO 85409 --- [    Test worker] .RepositoryConfigurationExtensionSupport : Spring Data Redis - Could not safely identify store assignment for repository candidate interface com.gaekdam.gaekdambe.hotel_service.hotel.command.infrastructure.repository.PropertyRepository; If you want this repository to be a Redis repository, consider annotating your entities with one of these annotations: org.springframework.data.redis.core.RedisHash (preferred), or consider extending one of the following types with your repository: org.springframework.data.keyvalue.repository.KeyValueRepository
    2026-01-13T14:25:33.528+09:00  INFO 85409 --- [    Test worker] .RepositoryConfigurationExtensionSupport : Spring Data Redis - Could not safely identify store assignment for repository candidate interface com.gaekdam.gaekdambe.hotel_service.position.command.infrastructure.repository.HotelPositionRepository; If you want this repository to be a Redis repository, consider annotating your entities with one of these annotations: org.springframework.data.redis.core.RedisHash (preferred), or consider extending one of the following types with your repository: org.springframework.data.keyvalue.repository.KeyValueRepository
    2026-01-13T14:25:33.528+09:00  INFO 85409 --- [    Test worker] .RepositoryConfigurationExtensionSupport : Spring Data Redis - Could not safely identify store assignment for repository candidate interface com.gaekdam.gaekdambe.iam_service.employee.command.infrastructure.EmployeeRepository; If you want this repository to be a Redis repository, consider annotating your entities with one of these annotations: org.springframework.data.redis.core.RedisHash (preferred), or consider extending one of the following types with your repository: org.springframework.data.keyvalue.repository.KeyValueRepository
    2026-01-13T14:25:33.528+09:00  INFO 85409 --- [    Test worker] .RepositoryConfigurationExtensionSupport : Spring Data Redis - Could not safely identify store assignment for repository candidate interface com.gaekdam.gaekdambe.iam_service.permission.command.infrastructure.PermissionRepository; If you want this repository to be a Redis repository, consider annotating your entities with one of these annotations: org.springframework.data.redis.core.RedisHash (preferred), or consider extending one of the following types with your repository: org.springframework.data.keyvalue.repository.KeyValueRepository
    2026-01-13T14:25:33.528+09:00  INFO 85409 --- [    Test worker] .RepositoryConfigurationExtensionSupport : Spring Data Redis - Could not safely identify store assignment for repository candidate interface com.gaekdam.gaekdambe.iam_service.permission_mapping.command.infrastructure.PermissionMappingRepository; If you want this repository to be a Redis repository, consider annotating your entities with one of these annotations: org.springframework.data.redis.core.RedisHash (preferred), or consider extending one of the following types with your repository: org.springframework.data.keyvalue.repository.KeyValueRepository
    2026-01-13T14:25:33.528+09:00  INFO 85409 --- [    Test worker] .RepositoryConfigurationExtensionSupport : Spring Data Redis - Could not safely identify store assignment for repository candidate interface com.gaekdam.gaekdambe.iam_service.permission_type.command.infrastructure.PermissionTypeRepository; If you want this repository to be a Redis repository, consider annotating your entities with one of these annotations: org.springframework.data.redis.core.RedisHash (preferred), or consider extending one of the following types with your repository: org.springframework.data.keyvalue.repository.KeyValueRepository
    2026-01-13T14:25:33.528+09:00  INFO 85409 --- [    Test worker] .RepositoryConfigurationExtensionSupport : Spring Data Redis - Could not safely identify store assignment for repository candidate interface com.gaekdam.gaekdambe.operation_service.facility.command.infrastructure.repository.FacilityRepository; If you want this repository to be a Redis repository, consider annotating your entities with one of these annotations: org.springframework.data.redis.core.RedisHash (preferred), or consider extending one of the following types with your repository: org.springframework.data.keyvalue.repository.KeyValueRepository
    2026-01-13T14:25:33.528+09:00  INFO 85409 --- [    Test worker] .RepositoryConfigurationExtensionSupport : Spring Data Redis - Could not safely identify store assignment for repository candidate interface com.gaekdam.gaekdambe.operation_service.facility.command.infrastructure.repository.FacilityUsageRepository; If you want this repository to be a Redis repository, consider annotating your entities with one of these annotations: org.springframework.data.redis.core.RedisHash (preferred), or consider extending one of the following types with your repository: org.springframework.data.keyvalue.repository.KeyValueRepository
    2026-01-13T14:25:33.528+09:00  INFO 85409 --- [    Test worker] .RepositoryConfigurationExtensionSupport : Spring Data Redis - Could not safely identify store assignment for repository candidate interface com.gaekdam.gaekdambe.operation_service.room.command.infrastructure.repository.RoomRepository; If you want this repository to be a Redis repository, consider annotating your entities with one of these annotations: org.springframework.data.redis.core.RedisHash (preferred), or consider extending one of the following types with your repository: org.springframework.data.keyvalue.repository.KeyValueRepository
    2026-01-13T14:25:33.528+09:00  INFO 85409 --- [    Test worker] .RepositoryConfigurationExtensionSupport : Spring Data Redis - Could not safely identify store assignment for repository candidate interface com.gaekdam.gaekdambe.operation_service.room.command.infrastructure.repository.RoomTypeRepository; If you want this repository to be a Redis repository, consider annotating your entities with one of these annotations: org.springframework.data.redis.core.RedisHash (preferred), or consider extending one of the following types with your repository: org.springframework.data.keyvalue.repository.KeyValueRepository
    2026-01-13T14:25:33.528+09:00  INFO 85409 --- [    Test worker] .RepositoryConfigurationExtensionSupport : Spring Data Redis - Could not safely identify store assignment for repository candidate interface com.gaekdam.gaekdambe.reservation_service.reservation.command.infrastructure.repository.PackageFacilityRepository; If you want this repository to be a Redis repository, consider annotating your entities with one of these annotations: org.springframework.data.redis.core.RedisHash (preferred), or consider extending one of the following types with your repository: org.springframework.data.keyvalue.repository.KeyValueRepository
    2026-01-13T14:25:33.528+09:00  INFO 85409 --- [    Test worker] .RepositoryConfigurationExtensionSupport : Spring Data Redis - Could not safely identify store assignment for repository candidate interface com.gaekdam.gaekdambe.reservation_service.reservation.command.infrastructure.repository.ReservationPackageRepository; If you want this repository to be a Redis repository, consider annotating your entities with one of these annotations: org.springframework.data.redis.core.RedisHash (preferred), or consider extending one of the following types with your repository: org.springframework.data.keyvalue.repository.KeyValueRepository
    2026-01-13T14:25:33.528+09:00  INFO 85409 --- [    Test worker] .RepositoryConfigurationExtensionSupport : Spring Data Redis - Could not safely identify store assignment for repository candidate interface com.gaekdam.gaekdambe.reservation_service.reservation.command.infrastructure.repository.ReservationRepository; If you want this repository to be a Redis repository, consider annotating your entities with one of these annotations: org.springframework.data.redis.core.RedisHash (preferred), or consider extending one of the following types with your repository: org.springframework.data.keyvalue.repository.KeyValueRepository
    2026-01-13T14:25:33.529+09:00  INFO 85409 --- [    Test worker] .RepositoryConfigurationExtensionSupport : Spring Data Redis - Could not safely identify store assignment for repository candidate interface com.gaekdam.gaekdambe.reservation_service.stay.command.infrastructure.repository.CheckInOutRepository; If you want this repository to be a Redis repository, consider annotating your entities with one of these annotations: org.springframework.data.redis.core.RedisHash (preferred), or consider extending one of the following types with your repository: org.springframework.data.keyvalue.repository.KeyValueRepository
    2026-01-13T14:25:33.529+09:00  INFO 85409 --- [    Test worker] .RepositoryConfigurationExtensionSupport : Spring Data Redis - Could not safely identify store assignment for repository candidate interface com.gaekdam.gaekdambe.reservation_service.stay.command.infrastructure.repository.StayRepository; If you want this repository to be a Redis repository, consider annotating your entities with one of these annotations: org.springframework.data.redis.core.RedisHash (preferred), or consider extending one of the following types with your repository: org.springframework.data.keyvalue.repository.KeyValueRepository
    2026-01-13T14:25:33.529+09:00  INFO 85409 --- [    Test worker] .s.d.r.c.RepositoryConfigurationDelegate : Finished Spring Data repository scanning in 13 ms. Found 0 Redis repository interfaces.
    2026-01-13T14:25:33.788+09:00  INFO 85409 --- [    Test worker] org.hibernate.orm.jpa                    : HHH008540: Processing PersistenceUnitInfo [name: default]
    2026-01-13T14:25:33.814+09:00  INFO 85409 --- [    Test worker] org.hibernate.orm.core                   : HHH000001: Hibernate ORM core version 7.2.0.Final
    2026-01-13T14:25:33.998+09:00  INFO 85409 --- [    Test worker] o.s.o.j.p.SpringPersistenceUnitInfo      : No LoadTimeWeaver setup: ignoring JPA class transformer
    2026-01-13T14:25:34.015+09:00  INFO 85409 --- [    Test worker] com.zaxxer.hikari.HikariDataSource       : HikariPool-1 - Starting...
    2026-01-13T14:25:34.071+09:00  INFO 85409 --- [    Test worker] com.zaxxer.hikari.pool.HikariPool        : HikariPool-1 - Added connection org.mariadb.jdbc.Connection@1ce8084a
    2026-01-13T14:25:34.072+09:00  INFO 85409 --- [    Test worker] com.zaxxer.hikari.HikariDataSource       : HikariPool-1 - Start completed.
    2026-01-13T14:25:34.086+09:00  WARN 85409 --- [    Test worker] org.hibernate.orm.deprecation            : HHH90000025: MariaDBDialect does not need to be specified explicitly using 'hibernate.dialect' (remove the property setting and it will be selected by default)
    2026-01-13T14:25:34.094+09:00  INFO 85409 --- [    Test worker] org.hibernate.orm.connections.pooling    : HHH10001005: Database info:
    	Database JDBC URL [jdbc:mariadb://localhost/gaekdam_project?user=gaekdam&password=***]
    	Database driver: MariaDB Connector/J
    	Database dialect: MariaDBDialect
    	Database version: 12.0.2
    	Default catalog/schema: gaekdam_project/undefined
    	Autocommit mode: undefined/unknown
    	Isolation level: REPEATABLE_READ [default REPEATABLE_READ]
    	JDBC fetch size: none
    	Pool: DataSourceConnectionProvider
    	Minimum pool size: undefined/unknown
    	Maximum pool size: undefined/unknown
    2026-01-13T14:25:34.619+09:00  INFO 85409 --- [    Test worker] org.hibernate.orm.core                   : HHH000489: No JTA platform available (set 'hibernate.transaction.jta.platform' to enable JTA platform integration)
    Hibernate: 
        alter table if exists customer 
           modify column contract_type enum ('CORPORATE','PERSONAL') not null
    Hibernate: 
        alter table if exists customer 
           modify column customer_status enum ('ACTIVE','CAUTION','INACTIVE') not null
    Hibernate: 
        alter table if exists customer 
           modify column dek_enc VARBINARY(512) not null
    Hibernate: 
        alter table if exists customer 
           modify column nationality_type enum ('DOMESTIC','FOREIGN') not null
    Hibernate: 
        alter table if exists customer_contact 
           modify column contact_type enum ('EMAIL','PHONE') not null
    Hibernate: 
        alter table if exists customer_contact 
           modify column contact_value_enc VARBINARY(128) not null
    Hibernate: 
        alter table if exists customer_status_history 
           modify column after_status enum ('ACTIVE','CAUTION','INACTIVE') not null
    Hibernate: 
        alter table if exists customer_status_history 
           modify column before_status enum ('ACTIVE','CAUTION','INACTIVE') not null
    Hibernate: 
        alter table if exists customer_status_history 
           modify column change_source enum ('MANUAL','SYSTEM')
    Hibernate: 
        alter table if exists loyalty 
           modify column loyalty_status enum ('ACTIVE','INACTIVE') not null
    Hibernate: 
        alter table if exists loyalty_history 
           modify column after_status enum ('ACTIVE','INACTIVE') not null
    Hibernate: 
        alter table if exists loyalty_history 
           modify column before_status enum ('ACTIVE','INACTIVE')
    Hibernate: 
        alter table if exists loyalty_history 
           modify column change_source enum ('MANUAL','SYSTEM') not null
    Hibernate: 
        alter table if exists membership 
           modify column membership_status enum ('ACTIVE','EXPIRED','SUSPENDED') not null
    Hibernate: 
        alter table if exists membership_history 
           modify column after_status enum ('ACTIVE','EXPIRED','SUSPENDED') not null
    Hibernate: 
        alter table if exists membership_history 
           modify column before_status enum ('ACTIVE','EXPIRED','SUSPENDED')
    Hibernate: 
        alter table if exists membership_history 
           modify column change_source enum ('MANUAL','SYSTEM') not null
    2026-01-13T14:25:35.536+09:00  INFO 85409 --- [    Test worker] j.LocalContainerEntityManagerFactoryBean : Initialized JPA EntityManagerFactory for persistence unit 'default'
    2026-01-13T14:25:35.611+09:00  INFO 85409 --- [    Test worker] o.s.d.j.r.query.QueryEnhancerFactories   : Hibernate is in classpath; If applicable, HQL parser will be used.
    2026-01-13T14:25:36.106+09:00  WARN 85409 --- [    Test worker] i.n.r.d.DnsServerAddressStreamProviders  : Can not find io.netty.resolver.dns.macos.MacOSDnsServerAddressStreamProvider in the classpath, fallback to system defaults. This may result in incorrect DNS resolutions on MacOS. Check whether you have a dependency on 'io.netty:netty-resolver-dns-native-macos'
    2026-01-13T14:25:36.351+09:00  INFO 85409 --- [    Test worker] r$InitializeUserDetailsManagerConfigurer : Global AuthenticationManager configured with UserDetailsService bean with name customUserDetailsService
    2026-01-13T14:25:36.613+09:00  INFO 85409 --- [    Test worker] c.g.gaekdambe.dummy.DummyDataRunnerTest  : Started DummyDataRunnerTest in 3.679 seconds (process running for 4.255)

DummyDataRunnerTest > generateAll() STANDARD_ERROR
    Mockito is currently self-attaching to enable the inline-mock-maker. This will no longer work in future releases of the JDK. Please add Mockito as an agent to your build as described in Mockito's documentation: https://javadoc.io/doc/org.mockito/mockito-core/latest/org.mockito/org/mockito/Mockito.html#0.3
    WARNING: A Java agent has been loaded dynamically (/Users/kimsunghyun/.gradle/caches/modules-2/files-2.1/net.bytebuddy/byte-buddy-agent/1.17.8/f09415827a71be7ed621c7bd02550678f28bc81c/byte-buddy-agent-1.17.8.jar)
    WARNING: If a serviceability tool is in use, please run with -XX:+EnableDynamicAgentLoading to hide this warning
    WARNING: If a serviceability tool is not in use, please run with -Djdk.instrument.traceUsage for more information
    WARNING: Dynamic loading of agents will be disallowed by default in a future release

OpenJDK 64-Bit Server VM warning: Sharing is only supported for boot loader classes because bootstrap classpath has been appended
Gradle Test Executor 14 finished executing tests.
2026-01-13T14:25:37.268+09:00  INFO 85409 --- [ionShutdownHook] j.LocalContainerEntityManagerFactoryBean : Closing JPA EntityManagerFactory for persistence unit 'default'
2026-01-13T14:25:37.269+09:00  INFO 85409 --- [ionShutdownHook] com.zaxxer.hikari.HikariDataSource       : HikariPool-1 - Shutdown initiated...
2026-01-13T14:25:37.272+09:00  INFO 85409 --- [ionShutdownHook] com.zaxxer.hikari.HikariDataSource       : HikariPool-1 - Shutdown completed.

> Task :test FAILED

DummyDataRunnerTest > generateAll() STANDARD_OUT
    Hibernate: 
        select
            count(*) 
        from
            hotel_group hg1_0
    Hibernate: 
        select
            count(*) 
        from
            property p1_0
    Hibernate: 
        select
            count(*) 
        from
            department d1_0
    Hibernate: 
        select
            count(*) 
        from
            hotel_position hp1_0
    Hibernate: 
        select
            count(*) 
        from
            permission_type pt1_0
    Hibernate: 
        select
            count(*) 
        from
            permission p1_0
    Hibernate: 
        select
            count(*) 
        from
            permission_mapping pm1_0
    Hibernate: 
        select
            d1_0.department_code,
            d1_0.department_name,
            d1_0.hotel_group_code 
        from
            department d1_0 
        where
            d1_0.department_code=?
    Hibernate: 
        select
            hp1_0.hotel_position_code,
            hp1_0.department_code,
            hp1_0.hotel_group_code,
            hp1_0.hotel_position_name 
        from
            hotel_position hp1_0 
        where
            hp1_0.hotel_position_code=?
    Hibernate: 
        select
            p1_0.property_code,
            p1_0.hotel_group_code,
            p1_0.property_city,
            p1_0.property_name,
            p1_0.property_status 
        from
            property p1_0 
        where
            p1_0.property_code=?
    Hibernate: 
        select
            hg1_0.hotel_group_code,
            hg1_0.hotel_expired_at,
            hg1_0.hotel_group_name 
        from
            hotel_group hg1_0 
        where
            hg1_0.hotel_group_code=?
    Hibernate: 
        select
            p1_0.permission_code,
            p1_0.hotel_group_code,
            p1_0.permission_name 
        from
            permission p1_0 
        where
            p1_0.permission_code=?
    Hibernate: 
        insert 
        into
            employee
            (created_at, dek_enc, department_code, email_enc, email_hash, employee_name_enc, employee_name_hash, employee_number, employee_status, failed_login_count, hired_at, hotel_group_code, hotel_position_code, kms_key_id, last_login_at, login_id, password_hash, permission_code, phone_number_enc, phone_number_hash, property_code, updated_at) 
        values
            (?, ?, ?, ?, ?, ?, ?, ?, ?, ?, ?, ?, ?, ?, ?, ?, ?, ?, ?, ?, ?, ?)
    2026-01-13T14:25:37.135+09:00  WARN 85409 --- [    Test worker] o.m.jdbc.message.server.ErrorPacket      : Error: 1062-23000: Duplicate entry '10001' for key 'UKoosi3suv54trvclvanif87cnt'
    2026-01-13T14:25:37.135+09:00  WARN 85409 --- [    Test worker] org.hibernate.orm.jdbc.error             : HHH000247: ErrorCode: 1062, SQLState: 23000
    2026-01-13T14:25:37.135+09:00  WARN 85409 --- [    Test worker] org.hibernate.orm.jdbc.error             : (conn=168) Duplicate entry '10001' for key 'UKoosi3suv54trvclvanif87cnt'

DummyDataRunnerTest > generateAll() FAILED
    org.springframework.dao.DataIntegrityViolationException: could not execute statement [(conn=168) Duplicate entry '10001' for key 'UKoosi3suv54trvclvanif87cnt'] [insert into employee (created_at,dek_enc,department_code,email_enc,email_hash,employee_name_enc,employee_name_hash,employee_number,employee_status,failed_login_count,hired_at,hotel_group_code,hotel_position_code,kms_key_id,last_login_at,login_id,password_hash,permission_code,phone_number_enc,phone_number_hash,property_code,updated_at) values (?,?,?,?,?,?,?,?,?,?,?,?,?,?,?,?,?,?,?,?,?,?)]; SQL [insert into employee (created_at,dek_enc,department_code,email_enc,email_hash,employee_name_enc,employee_name_hash,employee_number,employee_status,failed_login_count,hired_at,hotel_group_code,hotel_position_code,kms_key_id,last_login_at,login_id,password_hash,permission_code,phone_number_enc,phone_number_hash,property_code,updated_at) values (?,?,?,?,?,?,?,?,?,?,?,?,?,?,?,?,?,?,?,?,?,?)]; constraint [UKoosi3suv54trvclvanif87cnt]
        at app//org.springframework.orm.jpa.hibernate.HibernateExceptionTranslator.convertHibernateAccessException(HibernateExceptionTranslator.java:169)
        at app//org.springframework.orm.jpa.hibernate.HibernateExceptionTranslator.convertHibernateAccessException(HibernateExceptionTranslator.java:131)
        at app//org.springframework.orm.jpa.hibernate.HibernateExceptionTranslator.translateExceptionIfPossible(HibernateExceptionTranslator.java:105)
        at app//org.springframework.orm.jpa.vendor.HibernateJpaDialect.translateExceptionIfPossible(HibernateJpaDialect.java:199)
        at app//org.springframework.orm.jpa.AbstractEntityManagerFactoryBean.translateExceptionIfPossible(AbstractEntityManagerFactoryBean.java:556)
        at app//org.springframework.dao.support.ChainedPersistenceExceptionTranslator.translateExceptionIfPossible(ChainedPersistenceExceptionTranslator.java:61)
        at app//org.springframework.dao.support.DataAccessUtils.translateIfNecessary(DataAccessUtils.java:346)
        at app//org.springframework.dao.support.PersistenceExceptionTranslationInterceptor.invoke(PersistenceExceptionTranslationInterceptor.java:157)
        at app//org.springframework.aop.framework.ReflectiveMethodInvocation.proceed(ReflectiveMethodInvocation.java:179)
        at app//org.springframework.data.jpa.repository.support.CrudMethodMetadataPostProcessor$CrudMethodMetadataPopulatingMethodInterceptor.invoke(CrudMethodMetadataPostProcessor.java:166)
        at app//org.springframework.aop.framework.ReflectiveMethodInvocation.proceed(ReflectiveMethodInvocation.java:179)
        at app//org.springframework.aop.framework.JdkDynamicAopProxy.invoke(JdkDynamicAopProxy.java:222)
        at app/jdk.proxy3/jdk.proxy3.$Proxy184.save(Unknown Source)
        at app//com.gaekdam.gaekdambe.iam_service.employee.command.application.service.EmployeeSecureRegistrationService.registerEmployee(EmployeeSecureRegistrationService.java:118)
        at java.base@21.0.8/jdk.internal.reflect.DirectMethodHandleAccessor.invoke(DirectMethodHandleAccessor.java:103)
        at java.base@21.0.8/java.lang.reflect.Method.invoke(Method.java:580)
        at app//org.springframework.aop.support.AopUtils.invokeJoinpointUsingReflection(AopUtils.java:359)
        at app//org.springframework.aop.framework.ReflectiveMethodInvocation.invokeJoinpoint(ReflectiveMethodInvocation.java:190)
        at app//org.springframework.aop.framework.ReflectiveMethodInvocation.proceed(ReflectiveMethodInvocation.java:158)
        at app//org.springframework.transaction.interceptor.TransactionAspectSupport.invokeWithinTransaction(TransactionAspectSupport.java:370)
        at app//org.springframework.transaction.interceptor.TransactionInterceptor.invoke(TransactionInterceptor.java:118)
        at app//org.springframework.aop.framework.ReflectiveMethodInvocation.proceed(ReflectiveMethodInvocation.java:179)
        at app//org.springframework.aop.framework.CglibAopProxy$DynamicAdvisedInterceptor.intercept(CglibAopProxy.java:719)
        at app//com.gaekdam.gaekdambe.iam_service.employee.command.application.service.EmployeeSecureRegistrationService$$SpringCGLIB$$0.registerEmployee(<generated>)
        at app//com.gaekdam.gaekdambe.dummy.generate.iam_service.employee.EmployeeEncryptedRegistrationTest.generate(EmployeeEncryptedRegistrationTest.java:43)
        at java.base@21.0.8/jdk.internal.reflect.DirectMethodHandleAccessor.invoke(DirectMethodHandleAccessor.java:103)
        at java.base@21.0.8/java.lang.reflect.Method.invoke(Method.java:580)
        at app//org.springframework.aop.support.AopUtils.invokeJoinpointUsingReflection(AopUtils.java:359)
        at app//org.springframework.aop.framework.ReflectiveMethodInvocation.invokeJoinpoint(ReflectiveMethodInvocation.java:190)
        at app//org.springframework.aop.framework.ReflectiveMethodInvocation.proceed(ReflectiveMethodInvocation.java:158)
        at app//org.springframework.transaction.interceptor.TransactionAspectSupport.invokeWithinTransaction(TransactionAspectSupport.java:370)
        at app//org.springframework.transaction.interceptor.TransactionInterceptor.invoke(TransactionInterceptor.java:118)
        at app//org.springframework.aop.framework.ReflectiveMethodInvocation.proceed(ReflectiveMethodInvocation.java:179)
        at app//org.springframework.aop.framework.CglibAopProxy$DynamicAdvisedInterceptor.intercept(CglibAopProxy.java:719)
        at app//com.gaekdam.gaekdambe.dummy.generate.iam_service.employee.EmployeeEncryptedRegistrationTest$$SpringCGLIB$$0.generate(<generated>)
        at app//com.gaekdam.gaekdambe.dummy.DummyDataRunnerTest.generateAll(DummyDataRunnerTest.java:91)

        Caused by:
        org.hibernate.exception.ConstraintViolationException: could not execute statement [(conn=168) Duplicate entry '10001' for key 'UKoosi3suv54trvclvanif87cnt'] [insert into employee (created_at,dek_enc,department_code,email_enc,email_hash,employee_name_enc,employee_name_hash,employee_number,employee_status,failed_login_count,hired_at,hotel_group_code,hotel_position_code,kms_key_id,last_login_at,login_id,password_hash,permission_code,phone_number_enc,phone_number_hash,property_code,updated_at) values (?,?,?,?,?,?,?,?,?,?,?,?,?,?,?,?,?,?,?,?,?,?)]
            at app//org.hibernate.dialect.MariaDBDialect.lambda$buildSQLExceptionConversionDelegate$0(MariaDBDialect.java:371)
            at app//org.hibernate.exception.internal.StandardSQLExceptionConverter.convert(StandardSQLExceptionConverter.java:34)
            at app//org.hibernate.engine.jdbc.spi.SqlExceptionHelper.convert(SqlExceptionHelper.java:115)
            at app//org.hibernate.engine.jdbc.internal.ResultSetReturnImpl.executeUpdate(ResultSetReturnImpl.java:184)
            at app//org.hibernate.id.insert.GetGeneratedKeysDelegate.performMutation(GetGeneratedKeysDelegate.java:103)
            at app//org.hibernate.engine.jdbc.mutation.internal.MutationExecutorSingleNonBatched.performNonBatchedOperations(MutationExecutorSingleNonBatched.java:45)
            at app//org.hibernate.engine.jdbc.mutation.internal.AbstractMutationExecutor.execute(AbstractMutationExecutor.java:66)
            at app//org.hibernate.engine.jdbc.mutation.internal.AbstractMutationExecutor.execute(AbstractMutationExecutor.java:55)
            at app//org.hibernate.persister.entity.mutation.InsertCoordinatorStandard.doStaticInserts(InsertCoordinatorStandard.java:180)
            at app//org.hibernate.persister.entity.mutation.InsertCoordinatorStandard.coordinateInsert(InsertCoordinatorStandard.java:120)
            at app//org.hibernate.persister.entity.mutation.InsertCoordinatorStandard.insert(InsertCoordinatorStandard.java:84)
            at app//org.hibernate.action.internal.EntityIdentityInsertAction.execute(EntityIdentityInsertAction.java:85)
            at app//org.hibernate.engine.spi.ActionQueue.execute(ActionQueue.java:667)
            at app//org.hibernate.engine.spi.ActionQueue.addResolvedEntityInsertAction(ActionQueue.java:291)
            at app//org.hibernate.engine.spi.ActionQueue.addInsertAction(ActionQueue.java:270)
            at app//org.hibernate.engine.spi.ActionQueue.addAction(ActionQueue.java:322)
            at app//org.hibernate.event.internal.AbstractSaveEventListener.addInsertAction(AbstractSaveEventListener.java:371)
            at app//org.hibernate.event.internal.AbstractSaveEventListener.performSaveOrReplicate(AbstractSaveEventListener.java:285)
            at app//org.hibernate.event.internal.AbstractSaveEventListener.performSave(AbstractSaveEventListener.java:215)
            at app//org.hibernate.event.internal.AbstractSaveEventListener.saveWithGeneratedId(AbstractSaveEventListener.java:133)
            at app//org.hibernate.event.internal.DefaultPersistEventListener.entityIsTransient(DefaultPersistEventListener.java:145)
            at app//org.hibernate.event.internal.DefaultPersistEventListener.persist(DefaultPersistEventListener.java:89)
            at app//org.hibernate.event.internal.DefaultPersistEventListener.onPersist(DefaultPersistEventListener.java:73)
            at app//org.hibernate.event.internal.DefaultPersistEventListener.onPersist(DefaultPersistEventListener.java:49)
            at app//org.hibernate.event.service.internal.EventListenerGroupImpl.fireEventOnEachListener(EventListenerGroupImpl.java:138)
            at app//org.hibernate.internal.SessionImpl.firePersist(SessionImpl.java:689)
            at app//org.hibernate.internal.SessionImpl.persist(SessionImpl.java:672)
            at java.base@21.0.8/jdk.internal.reflect.DirectMethodHandleAccessor.invoke(DirectMethodHandleAccessor.java:103)
            at java.base@21.0.8/java.lang.reflect.Method.invoke(Method.java:580)
            at app//org.springframework.orm.jpa.SharedEntityManagerCreator$SharedEntityManagerInvocationHandler.invoke(SharedEntityManagerCreator.java:317)
            at app/jdk.proxy3/jdk.proxy3.$Proxy165.persist(Unknown Source)
            at app//org.springframework.data.jpa.repository.support.SimpleJpaRepository.save(SimpleJpaRepository.java:663)
            at java.base@21.0.8/jdk.internal.reflect.DirectMethodHandleAccessor.invoke(DirectMethodHandleAccessor.java:103)
            at java.base@21.0.8/java.lang.reflect.Method.invoke(Method.java:580)
            at app//org.springframework.aop.support.AopUtils.invokeJoinpointUsingReflection(AopUtils.java:359)
            at app//org.springframework.data.repository.core.support.RepositoryMethodInvoker$RepositoryFragmentMethodInvoker.lambda$new$0(RepositoryMethodInvoker.java:278)
            at app//org.springframework.data.repository.core.support.RepositoryMethodInvoker.doInvoke(RepositoryMethodInvoker.java:169)
            at app//org.springframework.data.repository.core.support.RepositoryMethodInvoker.invoke(RepositoryMethodInvoker.java:158)
            at app//org.springframework.data.repository.core.support.RepositoryComposition$RepositoryFragments.invoke(RepositoryComposition.java:545)
            at app//org.springframework.data.repository.core.support.RepositoryComposition.invoke(RepositoryComposition.java:290)
            at app//org.springframework.data.repository.core.support.RepositoryFactorySupport$ImplementationMethodExecutionInterceptor.invoke(RepositoryFactorySupport.java:690)
            at app//org.springframework.aop.framework.ReflectiveMethodInvocation.proceed(ReflectiveMethodInvocation.java:179)
            at app//org.springframework.data.repository.core.support.QueryExecutorMethodInterceptor.doInvoke(QueryExecutorMethodInterceptor.java:171)
            at app//org.springframework.data.repository.core.support.QueryExecutorMethodInterceptor.invoke(QueryExecutorMethodInterceptor.java:146)
            at app//org.springframework.aop.framework.ReflectiveMethodInvocation.proceed(ReflectiveMethodInvocation.java:179)
            at app//org.springframework.data.projection.DefaultMethodInvokingMethodInterceptor.invoke(DefaultMethodInvokingMethodInterceptor.java:69)
            at app//org.springframework.aop.framework.ReflectiveMethodInvocation.proceed(ReflectiveMethodInvocation.java:179)
            at app//org.springframework.transaction.interceptor.TransactionAspectSupport.invokeWithinTransaction(TransactionAspectSupport.java:370)
            at app//org.springframework.transaction.interceptor.TransactionInterceptor.invoke(TransactionInterceptor.java:118)
            at app//org.springframework.aop.framework.ReflectiveMethodInvocation.proceed(ReflectiveMethodInvocation.java:179)
            at app//org.springframework.dao.support.PersistenceExceptionTranslationInterceptor.invoke(PersistenceExceptionTranslationInterceptor.java:135)
            ... 28 more

            Caused by:
            java.sql.SQLIntegrityConstraintViolationException: (conn=168) Duplicate entry '10001' for key 'UKoosi3suv54trvclvanif87cnt'
                at org.mariadb.jdbc.export.ExceptionFactory.createException(ExceptionFactory.java:318)
                at org.mariadb.jdbc.export.ExceptionFactory.create(ExceptionFactory.java:403)
                at org.mariadb.jdbc.message.ClientMessage.readPacket(ClientMessage.java:196)
                at org.mariadb.jdbc.client.impl.StandardClient.readPacket(StandardClient.java:1411)
                at org.mariadb.jdbc.client.impl.StandardClient.readResults(StandardClient.java:1350)
                at org.mariadb.jdbc.client.impl.StandardClient.readResponse(StandardClient.java:1269)
                at org.mariadb.jdbc.client.impl.StandardClient.execute(StandardClient.java:1193)
                at org.mariadb.jdbc.ClientPreparedStatement.executeInternal(ClientPreparedStatement.java:91)
                at org.mariadb.jdbc.ClientPreparedStatement.executeLargeUpdate(ClientPreparedStatement.java:345)
                at org.mariadb.jdbc.ClientPreparedStatement.executeUpdate(ClientPreparedStatement.java:322)
                at com.zaxxer.hikari.pool.ProxyPreparedStatement.executeUpdate(ProxyPreparedStatement.java:61)
                at com.zaxxer.hikari.pool.HikariProxyPreparedStatement.executeUpdate(HikariProxyPreparedStatement.java)
                at org.hibernate.engine.jdbc.internal.ResultSetReturnImpl.executeUpdate(ResultSetReturnImpl.java:181)
                ... 75 more

1 test completed, 1 failed
Finished generating test XML results (0.001 secs) into: /Users/kimsunghyun/Desktop/스무고객프로젝트/gaekdam-be-1/build/test-results/test
Generating HTML test report...
Finished generating test html results (0.003 secs) into: /Users/kimsunghyun/Desktop/스무고객프로젝트/gaekdam-be-1/build/reports/tests/test

[Incubating] Problems report is available at: file:///Users/kimsunghyun/Desktop/%EC%8A%A4%EB%AC%B4%EA%B3%A0%EA%B0%9D%ED%94%84%EB%A1%9C%EC%A0%9D%ED%8A%B8/gaekdam-be-1/build/reports/problems/problems-report.html

FAILURE: Build failed with an exception.

* What went wrong:
Execution failed for task ':test'.
> There were failing tests. See the report at: file:///Users/kimsunghyun/Desktop/%EC%8A%A4%EB%AC%B4%EA%B3%A0%EA%B0%9D%ED%94%84%EB%A1%9C%EC%A0%9D%ED%8A%B8/gaekdam-be-1/build/reports/tests/test/index.html

* Try:
> Run with --scan to generate a Build Scan (powered by Develocity).

BUILD FAILED in 9s
4 actionable tasks: 4 executed
Watched directory hierarchies: [/Users/kimsunghyun/Desktop/스무고객프로젝트/gaekdam-be-1]
